<?xml version="1.0" encoding="UTF-8"?>
<coverage generated="1756299133298" clover="3.2.0">
  <project timestamp="1756299133298" name="All files">
    <metrics statements="37" coveredstatements="32" conditionals="21" coveredconditionals="16" methods="8" coveredmethods="8" elements="66" coveredelements="56" complexity="0" loc="37" ncloc="37" packages="1" files="1" classes="1"/>
    <file name="index.ts" path="/Users/xiehaitao/Desktop/web3-33期学习资料/web3-architecture/src/utils/index.ts">
      <metrics statements="37" coveredstatements="32" conditionals="21" coveredconditionals="16" methods="8" coveredmethods="8"/>
      <line num="2" count="2" type="stmt"/>
      <line num="6" count="6" type="stmt"/>
      <line num="11" count="2" type="stmt"/>
      <line num="13" count="7" type="stmt"/>
      <line num="16" count="11" type="stmt"/>
      <line num="19" count="2" type="stmt"/>
      <line num="23" count="2" type="cond" truecount="2" falsecount="0"/>
      <line num="24" count="1" type="stmt"/>
      <line num="26" count="1" type="stmt"/>
      <line num="31" count="14" type="stmt"/>
      <line num="32" count="14" type="stmt"/>
      <line num="41" count="11" type="cond" truecount="2" falsecount="0"/>
      <line num="42" count="3" type="stmt"/>
      <line num="44" count="8" type="cond" truecount="2" falsecount="0"/>
      <line num="45" count="1" type="stmt"/>
      <line num="47" count="7" type="cond" truecount="2" falsecount="0"/>
      <line num="48" count="2" type="stmt"/>
      <line num="51" count="5" type="stmt"/>
      <line num="52" count="5" type="cond" truecount="2" falsecount="0"/>
      <line num="53" count="1" type="stmt"/>
      <line num="57" count="11" type="stmt"/>
      <line num="58" count="11" type="stmt"/>
      <line num="60" count="4" type="cond" truecount="1" falsecount="1"/>
      <line num="61" count="0" type="stmt"/>
      <line num="63" count="4" type="cond" truecount="1" falsecount="1"/>
      <line num="64" count="0" type="stmt"/>
      <line num="66" count="4" type="cond" truecount="1" falsecount="1"/>
      <line num="67" count="0" type="stmt"/>
      <line num="72" count="4" type="stmt"/>
      <line num="74" count="4" type="cond" truecount="1" falsecount="1"/>
      <line num="75" count="0" type="stmt"/>
      <line num="77" count="4" type="stmt"/>
      <line num="78" count="4" type="stmt"/>
      <line num="79" count="4" type="stmt"/>
      <line num="82" count="7" type="cond" truecount="1" falsecount="1"/>
      <line num="83" count="7" type="stmt"/>
      <line num="86" count="0" type="stmt"/>
    </file>
  </project>
</coverage>
