{"/Users/xiehaitao/Desktop/web3-33期学习资料/web3-architecture/src/utils/index.ts": {"path":"/Users/xiehaitao/Desktop/web3-33期学习资料/web3-architecture/src/utils/index.ts","statementMap":{"0":{"start":{"line":2,"column":0},"end":{"line":4,"column":3}},"1":{"start":{"line":6,"column":4},"end":{"line":9,"column":7}},"2":{"start":{"line":6,"column":24},"end":{"line":9,"column":7}},"3":{"start":{"line":11,"column":0},"end":{"line":21,"column":3}},"4":{"start":{"line":13,"column":8},"end":{"line":13,"column":34}},"5":{"start":{"line":16,"column":8},"end":{"line":16,"column":29}},"6":{"start":{"line":19,"column":8},"end":{"line":19,"column":19}},"7":{"start":{"line":23,"column":4},"end":{"line":27,"column":5}},"8":{"start":{"line":24,"column":8},"end":{"line":24,"column":17}},"9":{"start":{"line":26,"column":8},"end":{"line":26,"column":21}},"10":{"start":{"line":31,"column":8},"end":{"line":31,"column":23}},"11":{"start":{"line":32,"column":8},"end":{"line":32,"column":41}},"12":{"start":{"line":41,"column":4},"end":{"line":43,"column":5}},"13":{"start":{"line":42,"column":8},"end":{"line":42,"column":65}},"14":{"start":{"line":44,"column":4},"end":{"line":46,"column":5}},"15":{"start":{"line":45,"column":8},"end":{"line":45,"column":67}},"16":{"start":{"line":47,"column":4},"end":{"line":49,"column":5}},"17":{"start":{"line":48,"column":8},"end":{"line":48,"column":75}},"18":{"start":{"line":51,"column":21},"end":{"line":51,"column":42}},"19":{"start":{"line":52,"column":4},"end":{"line":54,"column":5}},"20":{"start":{"line":53,"column":8},"end":{"line":53,"column":76}},"21":{"start":{"line":57,"column":4},"end":{"line":87,"column":5}},"22":{"start":{"line":58,"column":8},"end":{"line":58,"column":33}},"23":{"start":{"line":60,"column":8},"end":{"line":62,"column":9}},"24":{"start":{"line":61,"column":12},"end":{"line":61,"column":77}},"25":{"start":{"line":63,"column":8},"end":{"line":65,"column":9}},"26":{"start":{"line":64,"column":12},"end":{"line":64,"column":79}},"27":{"start":{"line":66,"column":8},"end":{"line":68,"column":9}},"28":{"start":{"line":67,"column":12},"end":{"line":67,"column":27}},"29":{"start":{"line":72,"column":25},"end":{"line":72,"column":61}},"30":{"start":{"line":74,"column":8},"end":{"line":76,"column":9}},"31":{"start":{"line":75,"column":12},"end":{"line":75,"column":27}},"32":{"start":{"line":77,"column":22},"end":{"line":77,"column":53}},"33":{"start":{"line":78,"column":20},"end":{"line":78,"column":61}},"34":{"start":{"line":79,"column":8},"end":{"line":79,"column":35}},"35":{"start":{"line":82,"column":8},"end":{"line":84,"column":9}},"36":{"start":{"line":83,"column":12},"end":{"line":83,"column":24}},"37":{"start":{"line":86,"column":8},"end":{"line":86,"column":76}}},"fnMap":{"0":{"name":"_export","decl":{"start":{"line":5,"column":9},"end":{"line":5,"column":16}},"loc":{"start":{"line":5,"column":30},"end":{"line":10,"column":1}},"line":5},"1":{"name":"(anonymous_1)","decl":{"start":{"line":12,"column":4},"end":{"line":12,"column":5}},"loc":{"start":{"line":12,"column":30},"end":{"line":14,"column":5}},"line":12},"2":{"name":"(anonymous_2)","decl":{"start":{"line":15,"column":4},"end":{"line":15,"column":5}},"loc":{"start":{"line":15,"column":25},"end":{"line":17,"column":5}},"line":15},"3":{"name":"(anonymous_3)","decl":{"start":{"line":18,"column":4},"end":{"line":18,"column":5}},"loc":{"start":{"line":18,"column":15},"end":{"line":20,"column":5}},"line":18},"4":{"name":"sum","decl":{"start":{"line":22,"column":9},"end":{"line":22,"column":12}},"loc":{"start":{"line":22,"column":19},"end":{"line":28,"column":1}},"line":22},"5":{"name":"(anonymous_5)","decl":{"start":{"line":30,"column":4},"end":{"line":30,"column":5}},"loc":{"start":{"line":30,"column":24},"end":{"line":33,"column":5}},"line":30},"6":{"name":"validateAddress","decl":{"start":{"line":40,"column":13},"end":{"line":40,"column":28}},"loc":{"start":{"line":40,"column":38},"end":{"line":55,"column":1}},"line":40},"7":{"name":"formatAddress","decl":{"start":{"line":56,"column":9},"end":{"line":56,"column":22}},"loc":{"start":{"line":56,"column":43},"end":{"line":88,"column":1}},"line":56}},"branchMap":{"0":{"loc":{"start":{"line":23,"column":4},"end":{"line":27,"column":5}},"type":"if","locations":[{"start":{"line":23,"column":4},"end":{"line":27,"column":5}},{"start":{"line":25,"column":11},"end":{"line":27,"column":5}}],"line":23},"1":{"loc":{"start":{"line":41,"column":4},"end":{"line":43,"column":5}},"type":"if","locations":[{"start":{"line":41,"column":4},"end":{"line":43,"column":5}},{"start":{},"end":{}}],"line":41},"2":{"loc":{"start":{"line":44,"column":4},"end":{"line":46,"column":5}},"type":"if","locations":[{"start":{"line":44,"column":4},"end":{"line":46,"column":5}},{"start":{},"end":{}}],"line":44},"3":{"loc":{"start":{"line":47,"column":4},"end":{"line":49,"column":5}},"type":"if","locations":[{"start":{"line":47,"column":4},"end":{"line":49,"column":5}},{"start":{},"end":{}}],"line":47},"4":{"loc":{"start":{"line":52,"column":4},"end":{"line":54,"column":5}},"type":"if","locations":[{"start":{"line":52,"column":4},"end":{"line":54,"column":5}},{"start":{},"end":{}}],"line":52},"5":{"loc":{"start":{"line":56,"column":32},"end":{"line":56,"column":41}},"type":"default-arg","locations":[{"start":{"line":56,"column":40},"end":{"line":56,"column":41}}],"line":56},"6":{"loc":{"start":{"line":60,"column":8},"end":{"line":62,"column":9}},"type":"if","locations":[{"start":{"line":60,"column":8},"end":{"line":62,"column":9}},{"start":{},"end":{}}],"line":60},"7":{"loc":{"start":{"line":63,"column":8},"end":{"line":65,"column":9}},"type":"if","locations":[{"start":{"line":63,"column":8},"end":{"line":65,"column":9}},{"start":{},"end":{}}],"line":63},"8":{"loc":{"start":{"line":66,"column":8},"end":{"line":68,"column":9}},"type":"if","locations":[{"start":{"line":66,"column":8},"end":{"line":68,"column":9}},{"start":{},"end":{}}],"line":66},"9":{"loc":{"start":{"line":74,"column":8},"end":{"line":76,"column":9}},"type":"if","locations":[{"start":{"line":74,"column":8},"end":{"line":76,"column":9}},{"start":{},"end":{}}],"line":74},"10":{"loc":{"start":{"line":82,"column":8},"end":{"line":84,"column":9}},"type":"if","locations":[{"start":{"line":82,"column":8},"end":{"line":84,"column":9}},{"start":{},"end":{}}],"line":82}},"s":{"0":2,"1":2,"2":6,"3":2,"4":7,"5":11,"6":2,"7":2,"8":1,"9":1,"10":14,"11":14,"12":11,"13":3,"14":8,"15":1,"16":7,"17":2,"18":5,"19":5,"20":1,"21":11,"22":11,"23":4,"24":0,"25":4,"26":0,"27":4,"28":0,"29":4,"30":4,"31":0,"32":4,"33":4,"34":4,"35":7,"36":7,"37":0},"f":{"0":2,"1":7,"2":11,"3":2,"4":2,"5":14,"6":11,"7":11},"b":{"0":[1,1],"1":[3,8],"2":[1,7],"3":[2,5],"4":[1,4],"5":[8],"6":[0,4],"7":[0,4],"8":[0,4],"9":[0,4],"10":[7,0]},"inputSourceMap":{"0":"{","1":"\"","2":"v","3":"e","4":"r","5":"s","6":"i","7":"o","8":"n","9":"\"","10":":","11":"3","12":",","13":"\"","14":"s","15":"o","16":"u","17":"r","18":"c","19":"e","20":"s","21":"\"","22":":","23":"[","24":"\"","25":"/","26":"U","27":"s","28":"e","29":"r","30":"s","31":"/","32":"x","33":"i","34":"e","35":"h","36":"a","37":"i","38":"t","39":"a","40":"o","41":"/","42":"D","43":"e","44":"s","45":"k","46":"t","47":"o","48":"p","49":"/","50":"w","51":"e","52":"b","53":"3","54":"-","55":"3","56":"3","57":"期","58":"学","59":"习","60":"资","61":"料","62":"/","63":"w","64":"e","65":"b","66":"3","67":"-","68":"a","69":"r","70":"c","71":"h","72":"i","73":"t","74":"e","75":"c","76":"t","77":"u","78":"r","79":"e","80":"/","81":"s","82":"r","83":"c","84":"/","85":"u","86":"t","87":"i","88":"l","89":"s","90":"/","91":"i","92":"n","93":"d","94":"e","95":"x","96":".","97":"t","98":"s","99":"\"","100":"]","101":",","102":"\"","103":"s","104":"o","105":"u","106":"r","107":"c","108":"e","109":"s","110":"C","111":"o","112":"n","113":"t","114":"e","115":"n","116":"t","117":"\"","118":":","119":"[","120":"\"","121":"e","122":"x","123":"p","124":"o","125":"r","126":"t","127":" ","128":"f","129":"u","130":"n","131":"c","132":"t","133":"i","134":"o","135":"n","136":" ","137":"s","138":"u","139":"m","140":"(","141":"a","142":":","143":" ","144":"n","145":"u","146":"m","147":"b","148":"e","149":"r","150":",","151":" ","152":"b","153":":","154":" ","155":"n","156":"u","157":"m","158":"b","159":"e","160":"r","161":")","162":" ","163":"{","164":"\\","165":"n","166":" ","167":" ","168":"i","169":"f","170":" ","171":"(","172":"a","173":" ","174":"=","175":"=","176":" ","177":"1","178":")","179":" ","180":"{","181":"\\","182":"n","183":" ","184":" ","185":" ","186":" ","187":"r","188":"e","189":"t","190":"u","191":"r","192":"n","193":" ","194":"1","195":";","196":"\\","197":"n","198":" ","199":" ","200":"}","201":" ","202":"e","203":"l","204":"s","205":"e","206":" ","207":"{","208":"\\","209":"n","210":" ","211":" ","212":" ","213":" ","214":"r","215":"e","216":"t","217":"u","218":"r","219":"n","220":" ","221":"a","222":" ","223":"+","224":" ","225":"b","226":";","227":"\\","228":"n","229":" ","230":" ","231":"}","232":"\\","233":"n","234":"}","235":"\\","236":"n","237":"\\","238":"n","239":"/","240":"*","241":"*","242":"\\","243":"n","244":" ","245":"*","246":" ","247":"C","248":"u","249":"s","250":"t","251":"o","252":"m","253":" ","254":"e","255":"r","256":"r","257":"o","258":"r","259":" ","260":"c","261":"l","262":"a","263":"s","264":"s","265":" ","266":"f","267":"o","268":"r","269":" ","270":"a","271":"d","272":"d","273":"r","274":"e","275":"s","276":"s","277":" ","278":"f","279":"o","280":"r","281":"m","282":"a","283":"t","284":"t","285":"i","286":"n","287":"g","288":" ","289":"e","290":"r","291":"r","292":"o","293":"r","294":"s","295":"\\","296":"n","297":" ","298":"*","299":"/","300":"\\","301":"n","302":"e","303":"x","304":"p","305":"o","306":"r","307":"t","308":" ","309":"c","310":"l","311":"a","312":"s","313":"s","314":" ","315":"A","316":"d","317":"d","318":"r","319":"e","320":"s","321":"s","322":"F","323":"o","324":"r","325":"m","326":"a","327":"t","328":"E","329":"r","330":"r","331":"o","332":"r","333":" ","334":"e","335":"x","336":"t","337":"e","338":"n","339":"d","340":"s","341":" ","342":"E","343":"r","344":"r","345":"o","346":"r","347":" ","348":"{","349":"\\","350":"n","351":" ","352":" ","353":"c","354":"o","355":"n","356":"s","357":"t","358":"r","359":"u","360":"c","361":"t","362":"o","363":"r","364":"(","365":"m","366":"e","367":"s","368":"s","369":"a","370":"g","371":"e","372":":","373":" ","374":"s","375":"t","376":"r","377":"i","378":"n","379":"g","380":")","381":" ","382":"{","383":"\\","384":"n","385":" ","386":" ","387":" ","388":" ","389":"s","390":"u","391":"p","392":"e","393":"r","394":"(","395":"m","396":"e","397":"s","398":"s","399":"a","400":"g","401":"e","402":")","403":";","404":"\\","405":"n","406":" ","407":" ","408":" ","409":" ","410":"t","411":"h","412":"i","413":"s","414":".","415":"n","416":"a","417":"m","418":"e","419":" ","420":"=","421":" ","422":"'","423":"A","424":"d","425":"d","426":"r","427":"e","428":"s","429":"s","430":"F","431":"o","432":"r","433":"m","434":"a","435":"t","436":"E","437":"r","438":"r","439":"o","440":"r","441":"'","442":";","443":"\\","444":"n","445":" ","446":" ","447":"}","448":"\\","449":"n","450":"}","451":"\\","452":"n","453":"\\","454":"n","455":"/","456":"*","457":"*","458":"\\","459":"n","460":" ","461":"*","462":" ","463":"V","464":"a","465":"l","466":"i","467":"d","468":"a","469":"t","470":"e","471":"s","472":" ","473":"i","474":"f","475":" ","476":"a","477":" ","478":"s","479":"t","480":"r","481":"i","482":"n","483":"g","484":" ","485":"i","486":"s","487":" ","488":"a","489":" ","490":"v","491":"a","492":"l","493":"i","494":"d","495":" ","496":"E","497":"t","498":"h","499":"e","500":"r","501":"e","502":"u","503":"m","504":" ","505":"a","506":"d","507":"d","508":"r","509":"e","510":"s","511":"s","512":"\\","513":"n","514":" ","515":"*","516":"\\","517":"n","518":" ","519":"*","520":" ","521":"@","522":"p","523":"a","524":"r","525":"a","526":"m","527":" ","528":"a","529":"d","530":"d","531":"r","532":"e","533":"s","534":"s","535":" ","536":"-","537":" ","538":"T","539":"h","540":"e","541":" ","542":"a","543":"d","544":"d","545":"r","546":"e","547":"s","548":"s","549":" ","550":"t","551":"o","552":" ","553":"v","554":"a","555":"l","556":"i","557":"d","558":"a","559":"t","560":"e","561":"\\","562":"n","563":" ","564":"*","565":" ","566":"@","567":"t","568":"h","569":"r","570":"o","571":"w","572":"s","573":" ","574":"{","575":"A","576":"d","577":"d","578":"r","579":"e","580":"s","581":"s","582":"F","583":"o","584":"r","585":"m","586":"a","587":"t","588":"E","589":"r","590":"r","591":"o","592":"r","593":"}","594":" ","595":"I","596":"f","597":" ","598":"t","599":"h","600":"e","601":" ","602":"a","603":"d","604":"d","605":"r","606":"e","607":"s","608":"s","609":" ","610":"i","611":"s","612":" ","613":"i","614":"n","615":"v","616":"a","617":"l","618":"i","619":"d","620":"\\","621":"n","622":" ","623":"*","624":"/","625":"\\","626":"n","627":"f","628":"u","629":"n","630":"c","631":"t","632":"i","633":"o","634":"n","635":" ","636":"v","637":"a","638":"l","639":"i","640":"d","641":"a","642":"t","643":"e","644":"A","645":"d","646":"d","647":"r","648":"e","649":"s","650":"s","651":"(","652":"a","653":"d","654":"d","655":"r","656":"e","657":"s","658":"s","659":":","660":" ","661":"s","662":"t","663":"r","664":"i","665":"n","666":"g","667":")","668":":","669":" ","670":"v","671":"o","672":"i","673":"d","674":" ","675":"{","676":"\\","677":"n","678":" ","679":" ","680":"i","681":"f","682":" ","683":"(","684":"t","685":"y","686":"p","687":"e","688":"o","689":"f","690":" ","691":"a","692":"d","693":"d","694":"r","695":"e","696":"s","697":"s","698":" ","699":"!","700":"=","701":"=","702":" ","703":"'","704":"s","705":"t","706":"r","707":"i","708":"n","709":"g","710":"'","711":")","712":" ","713":"{","714":"\\","715":"n","716":" ","717":" ","718":" ","719":" ","720":"t","721":"h","722":"r","723":"o","724":"w","725":" ","726":"n","727":"e","728":"w","729":" ","730":"A","731":"d","732":"d","733":"r","734":"e","735":"s","736":"s","737":"F","738":"o","739":"r","740":"m","741":"a","742":"t","743":"E","744":"r","745":"r","746":"o","747":"r","748":"(","749":"'","750":"A","751":"d","752":"d","753":"r","754":"e","755":"s","756":"s","757":" ","758":"m","759":"u","760":"s","761":"t","762":" ","763":"b","764":"e","765":" ","766":"a","767":" ","768":"s","769":"t","770":"r","771":"i","772":"n","773":"g","774":"'","775":")","776":";","777":"\\","778":"n","779":" ","780":" ","781":"}","782":"\\","783":"n","784":"\\","785":"n","786":" ","787":" ","788":"i","789":"f","790":" ","791":"(","792":"!","793":"a","794":"d","795":"d","796":"r","797":"e","798":"s","799":"s","800":".","801":"s","802":"t","803":"a","804":"r","805":"t","806":"s","807":"W","808":"i","809":"t","810":"h","811":"(","812":"'","813":"0","814":"x","815":"'","816":")","817":")","818":" ","819":"{","820":"\\","821":"n","822":" ","823":" ","824":" ","825":" ","826":"t","827":"h","828":"r","829":"o","830":"w","831":" ","832":"n","833":"e","834":"w","835":" ","836":"A","837":"d","838":"d","839":"r","840":"e","841":"s","842":"s","843":"F","844":"o","845":"r","846":"m","847":"a","848":"t","849":"E","850":"r","851":"r","852":"o","853":"r","854":"(","855":"'","856":"A","857":"d","858":"d","859":"r","860":"e","861":"s","862":"s","863":" ","864":"m","865":"u","866":"s","867":"t","868":" ","869":"s","870":"t","871":"a","872":"r","873":"t","874":" ","875":"w","876":"i","877":"t","878":"h","879":" ","880":"0","881":"x","882":"'","883":")","884":";","885":"\\","886":"n","887":" ","888":" ","889":"}","890":"\\","891":"n","892":"\\","893":"n","894":" ","895":" ","896":"i","897":"f","898":" ","899":"(","900":"a","901":"d","902":"d","903":"r","904":"e","905":"s","906":"s","907":".","908":"l","909":"e","910":"n","911":"g","912":"t","913":"h","914":" ","915":"!","916":"=","917":"=","918":" ","919":"4","920":"2","921":")","922":" ","923":"{","924":"\\","925":"n","926":" ","927":" ","928":" ","929":" ","930":"t","931":"h","932":"r","933":"o","934":"w","935":" ","936":"n","937":"e","938":"w","939":" ","940":"A","941":"d","942":"d","943":"r","944":"e","945":"s","946":"s","947":"F","948":"o","949":"r","950":"m","951":"a","952":"t","953":"E","954":"r","955":"r","956":"o","957":"r","958":"(","959":"'","960":"A","961":"d","962":"d","963":"r","964":"e","965":"s","966":"s","967":" ","968":"m","969":"u","970":"s","971":"t","972":" ","973":"b","974":"e","975":" ","976":"4","977":"2","978":" ","979":"c","980":"h","981":"a","982":"r","983":"a","984":"c","985":"t","986":"e","987":"r","988":"s","989":" ","990":"l","991":"o","992":"n","993":"g","994":"'","995":")","996":";","997":"\\","998":"n","999":" ","1000":" ","1001":"}","1002":"\\","1003":"n","1004":"\\","1005":"n","1006":" ","1007":" ","1008":"/","1009":"/","1010":" ","1011":"验","1012":"证","1013":"地","1014":"址","1015":"是","1016":"否","1017":"只","1018":"包","1019":"含","1020":"有","1021":"效","1022":"的","1023":"十","1024":"六","1025":"进","1026":"制","1027":"字","1028":"符","1029":"\\","1030":"n","1031":" ","1032":" ","1033":"c","1034":"o","1035":"n","1036":"s","1037":"t","1038":" ","1039":"v","1040":"a","1041":"l","1042":"i","1043":"d","1044":"H","1045":"e","1046":"x","1047":" ","1048":"=","1049":" ","1050":"/","1051":"^","1052":"0","1053":"x","1054":"[","1055":"0","1056":"-","1057":"9","1058":"a","1059":"-","1060":"f","1061":"A","1062":"-","1063":"F","1064":"]","1065":"{","1066":"4","1067":"0","1068":"}","1069":"$","1070":"/","1071":";","1072":"\\","1073":"n","1074":" ","1075":" ","1076":"i","1077":"f","1078":" ","1079":"(","1080":"!","1081":"v","1082":"a","1083":"l","1084":"i","1085":"d","1086":"H","1087":"e","1088":"x","1089":".","1090":"t","1091":"e","1092":"s","1093":"t","1094":"(","1095":"a","1096":"d","1097":"d","1098":"r","1099":"e","1100":"s","1101":"s","1102":")","1103":")","1104":" ","1105":"{","1106":"\\","1107":"n","1108":" ","1109":" ","1110":" ","1111":" ","1112":"t","1113":"h","1114":"r","1115":"o","1116":"w","1117":" ","1118":"n","1119":"e","1120":"w","1121":" ","1122":"A","1123":"d","1124":"d","1125":"r","1126":"e","1127":"s","1128":"s","1129":"F","1130":"o","1131":"r","1132":"m","1133":"a","1134":"t","1135":"E","1136":"r","1137":"r","1138":"o","1139":"r","1140":"(","1141":"'","1142":"A","1143":"d","1144":"d","1145":"r","1146":"e","1147":"s","1148":"s","1149":" ","1150":"c","1151":"o","1152":"n","1153":"t","1154":"a","1155":"i","1156":"n","1157":"s","1158":" ","1159":"i","1160":"n","1161":"v","1162":"a","1163":"l","1164":"i","1165":"d","1166":" ","1167":"c","1168":"h","1169":"a","1170":"r","1171":"a","1172":"c","1173":"t","1174":"e","1175":"r","1176":"s","1177":"'","1178":")","1179":";","1180":"\\","1181":"n","1182":" ","1183":" ","1184":"}","1185":"\\","1186":"n","1187":"}","1188":"\\","1189":"n","1190":"\\","1191":"n","1192":"/","1193":"*","1194":"*","1195":"\\","1196":"n","1197":" ","1198":"*","1199":" ","1200":"F","1201":"o","1202":"r","1203":"m","1204":"a","1205":"t","1206":"s","1207":" ","1208":"a","1209":" ","1210":"g","1211":"i","1212":"v","1213":"e","1214":"n","1215":" ","1216":"E","1217":"t","1218":"h","1219":"e","1220":"r","1221":"e","1222":"u","1223":"m","1224":" ","1225":"a","1226":"d","1227":"d","1228":"r","1229":"e","1230":"s","1231":"s","1232":" ","1233":"t","1234":"o","1235":" ","1236":"a","1237":" ","1238":"s","1239":"h","1240":"o","1241":"r","1242":"t","1243":"e","1244":"r","1245":" ","1246":"v","1247":"e","1248":"r","1249":"s","1250":"i","1251":"o","1252":"n","1253":".","1254":"\\","1255":"n","1256":" ","1257":"*","1258":"\\","1259":"n","1260":" ","1261":"*","1262":" ","1263":"@","1264":"p","1265":"a","1266":"r","1267":"a","1268":"m","1269":" ","1270":"a","1271":"d","1272":"d","1273":"r","1274":"e","1275":"s","1276":"s","1277":" ","1278":"-","1279":" ","1280":"T","1281":"h","1282":"e","1283":" ","1284":"f","1285":"u","1286":"l","1287":"l","1288":" ","1289":"E","1290":"t","1291":"h","1292":"e","1293":"r","1294":"e","1295":"u","1296":"m","1297":" ","1298":"a","1299":"d","1300":"d","1301":"r","1302":"e","1303":"s","1304":"s","1305":"\\","1306":"n","1307":" ","1308":"*","1309":" ","1310":"@","1311":"p","1312":"a","1313":"r","1314":"a","1315":"m","1316":" ","1317":"c","1318":"h","1319":"a","1320":"r","1321":"s","1322":" ","1323":"-","1324":" ","1325":"T","1326":"h","1327":"e","1328":" ","1329":"n","1330":"u","1331":"m","1332":"b","1333":"e","1334":"r","1335":" ","1336":"o","1337":"f","1338":" ","1339":"c","1340":"h","1341":"a","1342":"r","1343":"a","1344":"c","1345":"t","1346":"e","1347":"r","1348":"s","1349":" ","1350":"t","1351":"o","1352":" ","1353":"s","1354":"h","1355":"o","1356":"w","1357":" ","1358":"a","1359":"t","1360":" ","1361":"t","1362":"h","1363":"e","1364":" ","1365":"s","1366":"t","1367":"a","1368":"r","1369":"t","1370":" ","1371":"a","1372":"n","1373":"d","1374":" ","1375":"e","1376":"n","1377":"d","1378":".","1379":" ","1380":"D","1381":"e","1382":"f","1383":"a","1384":"u","1385":"l","1386":"t","1387":" ","1388":"i","1389":"s","1390":" ","1391":"3","1392":"\\","1393":"n","1394":" ","1395":"*","1396":" ","1397":"@","1398":"r","1399":"e","1400":"t","1401":"u","1402":"r","1403":"n","1404":"s","1405":" ","1406":"T","1407":"h","1408":"e","1409":" ","1410":"f","1411":"o","1412":"r","1413":"m","1414":"a","1415":"t","1416":"t","1417":"e","1418":"d","1419":" ","1420":"a","1421":"d","1422":"d","1423":"r","1424":"e","1425":"s","1426":"s","1427":"\\","1428":"n","1429":" ","1430":"*","1431":" ","1432":"@","1433":"t","1434":"h","1435":"r","1436":"o","1437":"w","1438":"s","1439":" ","1440":"{","1441":"A","1442":"d","1443":"d","1444":"r","1445":"e","1446":"s","1447":"s","1448":"F","1449":"o","1450":"r","1451":"m","1452":"a","1453":"t","1454":"E","1455":"r","1456":"r","1457":"o","1458":"r","1459":"}","1460":" ","1461":"I","1462":"f","1463":" ","1464":"t","1465":"h","1466":"e","1467":" ","1468":"a","1469":"d","1470":"d","1471":"r","1472":"e","1473":"s","1474":"s","1475":" ","1476":"i","1477":"s","1478":" ","1479":"i","1480":"n","1481":"v","1482":"a","1483":"l","1484":"i","1485":"d","1486":" ","1487":"o","1488":"r","1489":" ","1490":"c","1491":"h","1492":"a","1493":"r","1494":"s","1495":" ","1496":"i","1497":"s","1498":" ","1499":"i","1500":"n","1501":"v","1502":"a","1503":"l","1504":"i","1505":"d","1506":"\\","1507":"n","1508":" ","1509":"*","1510":"/","1511":"\\","1512":"n","1513":"e","1514":"x","1515":"p","1516":"o","1517":"r","1518":"t","1519":" ","1520":"f","1521":"u","1522":"n","1523":"c","1524":"t","1525":"i","1526":"o","1527":"n","1528":" ","1529":"f","1530":"o","1531":"r","1532":"m","1533":"a","1534":"t","1535":"A","1536":"d","1537":"d","1538":"r","1539":"e","1540":"s","1541":"s","1542":"(","1543":"a","1544":"d","1545":"d","1546":"r","1547":"e","1548":"s","1549":"s","1550":":","1551":" ","1552":"s","1553":"t","1554":"r","1555":"i","1556":"n","1557":"g","1558":",","1559":" ","1560":"c","1561":"h","1562":"a","1563":"r","1564":"s","1565":":","1566":" ","1567":"n","1568":"u","1569":"m","1570":"b","1571":"e","1572":"r","1573":" ","1574":"=","1575":" ","1576":"3","1577":")","1578":":","1579":" ","1580":"s","1581":"t","1582":"r","1583":"i","1584":"n","1585":"g","1586":" ","1587":"{","1588":"\\","1589":"n","1590":" ","1591":" ","1592":"t","1593":"r","1594":"y","1595":" ","1596":"{","1597":"\\","1598":"n","1599":" ","1600":" ","1601":" ","1602":" ","1603":"v","1604":"a","1605":"l","1606":"i","1607":"d","1608":"a","1609":"t","1610":"e","1611":"A","1612":"d","1613":"d","1614":"r","1615":"e","1616":"s","1617":"s","1618":"(","1619":"a","1620":"d","1621":"d","1622":"r","1623":"e","1624":"s","1625":"s","1626":")","1627":";","1628":"\\","1629":"n","1630":"\\","1631":"n","1632":" ","1633":" ","1634":" ","1635":" ","1636":"/","1637":"/","1638":" ","1639":"验","1640":"证","1641":" ","1642":"c","1643":"h","1644":"a","1645":"r","1646":"s","1647":" ","1648":"参","1649":"数","1650":"\\","1651":"n","1652":" ","1653":" ","1654":" ","1655":" ","1656":"i","1657":"f","1658":" ","1659":"(","1660":"t","1661":"y","1662":"p","1663":"e","1664":"o","1665":"f","1666":" ","1667":"c","1668":"h","1669":"a","1670":"r","1671":"s","1672":" ","1673":"!","1674":"=","1675":"=","1676":" ","1677":"'","1678":"n","1679":"u","1680":"m","1681":"b","1682":"e","1683":"r","1684":"'","1685":")","1686":" ","1687":"{","1688":"\\","1689":"n","1690":" ","1691":" ","1692":" ","1693":" ","1694":" ","1695":" ","1696":"t","1697":"h","1698":"r","1699":"o","1700":"w","1701":" ","1702":"n","1703":"e","1704":"w","1705":" ","1706":"A","1707":"d","1708":"d","1709":"r","1710":"e","1711":"s","1712":"s","1713":"F","1714":"o","1715":"r","1716":"m","1717":"a","1718":"t","1719":"E","1720":"r","1721":"r","1722":"o","1723":"r","1724":"(","1725":"'","1726":"C","1727":"h","1728":"a","1729":"r","1730":"s","1731":" ","1732":"p","1733":"a","1734":"r","1735":"a","1736":"m","1737":"e","1738":"t","1739":"e","1740":"r","1741":" ","1742":"m","1743":"u","1744":"s","1745":"t","1746":" ","1747":"b","1748":"e","1749":" ","1750":"a","1751":" ","1752":"n","1753":"u","1754":"m","1755":"b","1756":"e","1757":"r","1758":"'","1759":")","1760":";","1761":"\\","1762":"n","1763":" ","1764":" ","1765":" ","1766":" ","1767":"}","1768":"\\","1769":"n","1770":"\\","1771":"n","1772":" ","1773":" ","1774":" ","1775":" ","1776":"i","1777":"f","1778":" ","1779":"(","1780":"c","1781":"h","1782":"a","1783":"r","1784":"s","1785":" ","1786":"<","1787":" ","1788":"0","1789":")","1790":" ","1791":"{","1792":"\\","1793":"n","1794":" ","1795":" ","1796":" ","1797":" ","1798":" ","1799":" ","1800":"t","1801":"h","1802":"r","1803":"o","1804":"w","1805":" ","1806":"n","1807":"e","1808":"w","1809":" ","1810":"A","1811":"d","1812":"d","1813":"r","1814":"e","1815":"s","1816":"s","1817":"F","1818":"o","1819":"r","1820":"m","1821":"a","1822":"t","1823":"E","1824":"r","1825":"r","1826":"o","1827":"r","1828":"(","1829":"'","1830":"C","1831":"h","1832":"a","1833":"r","1834":"s","1835":" ","1836":"p","1837":"a","1838":"r","1839":"a","1840":"m","1841":"e","1842":"t","1843":"e","1844":"r","1845":" ","1846":"c","1847":"a","1848":"n","1849":"n","1850":"o","1851":"t","1852":" ","1853":"b","1854":"e","1855":" ","1856":"n","1857":"e","1858":"g","1859":"a","1860":"t","1861":"i","1862":"v","1863":"e","1864":"'","1865":")","1866":";","1867":"\\","1868":"n","1869":" ","1870":" ","1871":" ","1872":" ","1873":"}","1874":"\\","1875":"n","1876":"\\","1877":"n","1878":" ","1879":" ","1880":" ","1881":" ","1882":"i","1883":"f","1884":" ","1885":"(","1886":"c","1887":"h","1888":"a","1889":"r","1890":"s","1891":" ","1892":"=","1893":"=","1894":"=","1895":" ","1896":"0","1897":")","1898":" ","1899":"{","1900":"\\","1901":"n","1902":" ","1903":" ","1904":" ","1905":" ","1906":" ","1907":" ","1908":"r","1909":"e","1910":"t","1911":"u","1912":"r","1913":"n","1914":" ","1915":"'","1916":"0","1917":"x","1918":".","1919":".","1920":".","1921":"'","1922":";","1923":"\\","1924":"n","1925":" ","1926":" ","1927":" ","1928":" ","1929":"}","1930":"\\","1931":"n","1932":"\\","1933":"n","1934":" ","1935":" ","1936":" ","1937":" ","1938":"/","1939":"/","1940":" ","1941":"计","1942":"算","1943":"可","1944":"用","1945":"于","1946":"显","1947":"示","1948":"的","1949":"最","1950":"大","1951":"字","1952":"符","1953":"数","1954":"\\","1955":"n","1956":" ","1957":" ","1958":" ","1959":" ","1960":"/","1961":"/","1962":" ","1963":"总","1964":"长","1965":"度","1966":"(","1967":"4","1968":"2","1969":")","1970":" ","1971":"-","1972":" ","1973":"'","1974":"0","1975":"x","1976":"'","1977":"(","1978":"2","1979":")","1980":" ","1981":"-","1982":" ","1983":"'","1984":".","1985":".","1986":".","1987":"'","1988":"(","1989":"3","1990":")","1991":" ","1992":"=","1993":" ","1994":"3","1995":"7","1996":" ","1997":"个","1998":"字","1999":"符","2000":"可","2001":"用","2002":"\\","2003":"n","2004":" ","2005":" ","2006":" ","2007":" ","2008":"/","2009":"/","2010":" ","2011":"除","2012":"以","2013":" ","2014":"2","2015":" ","2016":"是","2017":"因","2018":"为","2019":"我","2020":"们","2021":"要","2022":"在","2023":"开","2024":"头","2025":"和","2026":"结","2027":"尾","2028":"显","2029":"示","2030":"相","2031":"同","2032":"数","2033":"量","2034":"的","2035":"字","2036":"符","2037":"\\","2038":"n","2039":" ","2040":" ","2041":" ","2042":" ","2043":"c","2044":"o","2045":"n","2046":"s","2047":"t","2048":" ","2049":"m","2050":"a","2051":"x","2052":"C","2053":"h","2054":"a","2055":"r","2056":"s","2057":" ","2058":"=","2059":" ","2060":"M","2061":"a","2062":"t","2063":"h","2064":".","2065":"f","2066":"l","2067":"o","2068":"o","2069":"r","2070":"(","2071":"(","2072":"a","2073":"d","2074":"d","2075":"r","2076":"e","2077":"s","2078":"s","2079":".","2080":"l","2081":"e","2082":"n","2083":"g","2084":"t","2085":"h","2086":" ","2087":"-","2088":" ","2089":"5","2090":")","2091":" ","2092":"/","2093":" ","2094":"2","2095":")","2096":";","2097":"\\","2098":"n","2099":"\\","2100":"n","2101":" ","2102":" ","2103":" ","2104":" ","2105":"/","2106":"/","2107":" ","2108":"如","2109":"果","2110":"请","2111":"求","2112":"的","2113":"字","2114":"符","2115":"数","2116":"超","2117":"过","2118":"最","2119":"大","2120":"值","2121":"，","2122":"返","2123":"回","2124":"完","2125":"整","2126":"地","2127":"址","2128":"\\","2129":"n","2130":" ","2131":" ","2132":" ","2133":" ","2134":"i","2135":"f","2136":" ","2137":"(","2138":"c","2139":"h","2140":"a","2141":"r","2142":"s","2143":" ","2144":">","2145":"=","2146":" ","2147":"m","2148":"a","2149":"x","2150":"C","2151":"h","2152":"a","2153":"r","2154":"s","2155":")","2156":" ","2157":"{","2158":"\\","2159":"n","2160":" ","2161":" ","2162":" ","2163":" ","2164":" ","2165":" ","2166":"r","2167":"e","2168":"t","2169":"u","2170":"r","2171":"n","2172":" ","2173":"a","2174":"d","2175":"d","2176":"r","2177":"e","2178":"s","2179":"s","2180":";","2181":"\\","2182":"n","2183":" ","2184":" ","2185":" ","2186":" ","2187":"}","2188":"\\","2189":"n","2190":"\\","2191":"n","2192":" ","2193":" ","2194":" ","2195":" ","2196":"c","2197":"o","2198":"n","2199":"s","2200":"t","2201":" ","2202":"s","2203":"t","2204":"a","2205":"r","2206":"t","2207":" ","2208":"=","2209":" ","2210":"a","2211":"d","2212":"d","2213":"r","2214":"e","2215":"s","2216":"s","2217":".","2218":"s","2219":"u","2220":"b","2221":"s","2222":"t","2223":"r","2224":"i","2225":"n","2226":"g","2227":"(","2228":"0","2229":",","2230":" ","2231":"c","2232":"h","2233":"a","2234":"r","2235":"s","2236":" ","2237":"+","2238":" ","2239":"2","2240":")","2241":";","2242":" ","2243":"/","2244":"/","2245":" ","2246":"+","2247":"2","2248":" ","2249":"f","2250":"o","2251":"r","2252":" ","2253":"\\","2254":"\"","2255":"0","2256":"x","2257":"\\","2258":"\"","2259":"\\","2260":"n","2261":" ","2262":" ","2263":" ","2264":" ","2265":"c","2266":"o","2267":"n","2268":"s","2269":"t","2270":" ","2271":"e","2272":"n","2273":"d","2274":" ","2275":"=","2276":" ","2277":"a","2278":"d","2279":"d","2280":"r","2281":"e","2282":"s","2283":"s","2284":".","2285":"s","2286":"u","2287":"b","2288":"s","2289":"t","2290":"r","2291":"i","2292":"n","2293":"g","2294":"(","2295":"a","2296":"d","2297":"d","2298":"r","2299":"e","2300":"s","2301":"s","2302":".","2303":"l","2304":"e","2305":"n","2306":"g","2307":"t","2308":"h","2309":" ","2310":"-","2311":" ","2312":"c","2313":"h","2314":"a","2315":"r","2316":"s","2317":")","2318":";","2319":"\\","2320":"n","2321":" ","2322":" ","2323":" ","2324":" ","2325":"r","2326":"e","2327":"t","2328":"u","2329":"r","2330":"n","2331":" ","2332":"`","2333":"$","2334":"{","2335":"s","2336":"t","2337":"a","2338":"r","2339":"t","2340":"}","2341":".","2342":".","2343":".","2344":"$","2345":"{","2346":"e","2347":"n","2348":"d","2349":"}","2350":"`","2351":";","2352":"\\","2353":"n","2354":" ","2355":" ","2356":"}","2357":" ","2358":"c","2359":"a","2360":"t","2361":"c","2362":"h","2363":" ","2364":"(","2365":"e","2366":"r","2367":"r","2368":"o","2369":"r","2370":")","2371":" ","2372":"{","2373":"\\","2374":"n","2375":" ","2376":" ","2377":" ","2378":" ","2379":"/","2380":"/","2381":" ","2382":"重","2383":"新","2384":"抛","2385":"出","2386":"自","2387":"定","2388":"义","2389":"错","2390":"误","2391":"\\","2392":"n","2393":" ","2394":" ","2395":" ","2396":" ","2397":"i","2398":"f","2399":" ","2400":"(","2401":"e","2402":"r","2403":"r","2404":"o","2405":"r","2406":" ","2407":"i","2408":"n","2409":"s","2410":"t","2411":"a","2412":"n","2413":"c","2414":"e","2415":"o","2416":"f","2417":" ","2418":"A","2419":"d","2420":"d","2421":"r","2422":"e","2423":"s","2424":"s","2425":"F","2426":"o","2427":"r","2428":"m","2429":"a","2430":"t","2431":"E","2432":"r","2433":"r","2434":"o","2435":"r","2436":")","2437":" ","2438":"{","2439":"\\","2440":"n","2441":" ","2442":" ","2443":" ","2444":" ","2445":" ","2446":" ","2447":"t","2448":"h","2449":"r","2450":"o","2451":"w","2452":" ","2453":"e","2454":"r","2455":"r","2456":"o","2457":"r","2458":";","2459":"\\","2460":"n","2461":" ","2462":" ","2463":" ","2464":" ","2465":"}","2466":"\\","2467":"n","2468":" ","2469":" ","2470":" ","2471":" ","2472":"/","2473":"/","2474":" ","2475":"处","2476":"理","2477":"其","2478":"他","2479":"未","2480":"预","2481":"期","2482":"的","2483":"错","2484":"误","2485":"\\","2486":"n","2487":" ","2488":" ","2489":" ","2490":" ","2491":"t","2492":"h","2493":"r","2494":"o","2495":"w","2496":" ","2497":"n","2498":"e","2499":"w","2500":" ","2501":"A","2502":"d","2503":"d","2504":"r","2505":"e","2506":"s","2507":"s","2508":"F","2509":"o","2510":"r","2511":"m","2512":"a","2513":"t","2514":"E","2515":"r","2516":"r","2517":"o","2518":"r","2519":"(","2520":"'","2521":"U","2522":"n","2523":"e","2524":"x","2525":"p","2526":"e","2527":"c","2528":"t","2529":"e","2530":"d","2531":" ","2532":"e","2533":"r","2534":"r","2535":"o","2536":"r","2537":" ","2538":"f","2539":"o","2540":"r","2541":"m","2542":"a","2543":"t","2544":"t","2545":"i","2546":"n","2547":"g","2548":" ","2549":"a","2550":"d","2551":"d","2552":"r","2553":"e","2554":"s","2555":"s","2556":"'","2557":")","2558":";","2559":"\\","2560":"n","2561":" ","2562":" ","2563":"}","2564":"\\","2565":"n","2566":"}","2567":"\\","2568":"n","2569":"\"","2570":"]","2571":",","2572":"\"","2573":"n","2574":"a","2575":"m","2576":"e","2577":"s","2578":"\"","2579":":","2580":"[","2581":"\"","2582":"A","2583":"d","2584":"d","2585":"r","2586":"e","2587":"s","2588":"s","2589":"F","2590":"o","2591":"r","2592":"m","2593":"a","2594":"t","2595":"E","2596":"r","2597":"r","2598":"o","2599":"r","2600":"\"","2601":",","2602":"\"","2603":"f","2604":"o","2605":"r","2606":"m","2607":"a","2608":"t","2609":"A","2610":"d","2611":"d","2612":"r","2613":"e","2614":"s","2615":"s","2616":"\"","2617":",","2618":"\"","2619":"s","2620":"u","2621":"m","2622":"\"","2623":",","2624":"\"","2625":"a","2626":"\"","2627":",","2628":"\"","2629":"b","2630":"\"","2631":",","2632":"\"","2633":"E","2634":"r","2635":"r","2636":"o","2637":"r","2638":"\"","2639":",","2640":"\"","2641":"m","2642":"e","2643":"s","2644":"s","2645":"a","2646":"g","2647":"e","2648":"\"","2649":",","2650":"\"","2651":"n","2652":"a","2653":"m","2654":"e","2655":"\"","2656":",","2657":"\"","2658":"v","2659":"a","2660":"l","2661":"i","2662":"d","2663":"a","2664":"t","2665":"e","2666":"A","2667":"d","2668":"d","2669":"r","2670":"e","2671":"s","2672":"s","2673":"\"","2674":",","2675":"\"","2676":"a","2677":"d","2678":"d","2679":"r","2680":"e","2681":"s","2682":"s","2683":"\"","2684":",","2685":"\"","2686":"s","2687":"t","2688":"a","2689":"r","2690":"t","2691":"s","2692":"W","2693":"i","2694":"t","2695":"h","2696":"\"","2697":",","2698":"\"","2699":"l","2700":"e","2701":"n","2702":"g","2703":"t","2704":"h","2705":"\"","2706":",","2707":"\"","2708":"v","2709":"a","2710":"l","2711":"i","2712":"d","2713":"H","2714":"e","2715":"x","2716":"\"","2717":",","2718":"\"","2719":"t","2720":"e","2721":"s","2722":"t","2723":"\"","2724":",","2725":"\"","2726":"c","2727":"h","2728":"a","2729":"r","2730":"s","2731":"\"","2732":",","2733":"\"","2734":"m","2735":"a","2736":"x","2737":"C","2738":"h","2739":"a","2740":"r","2741":"s","2742":"\"","2743":",","2744":"\"","2745":"M","2746":"a","2747":"t","2748":"h","2749":"\"","2750":",","2751":"\"","2752":"f","2753":"l","2754":"o","2755":"o","2756":"r","2757":"\"","2758":",","2759":"\"","2760":"s","2761":"t","2762":"a","2763":"r","2764":"t","2765":"\"","2766":",","2767":"\"","2768":"s","2769":"u","2770":"b","2771":"s","2772":"t","2773":"r","2774":"i","2775":"n","2776":"g","2777":"\"","2778":",","2779":"\"","2780":"e","2781":"n","2782":"d","2783":"\"","2784":",","2785":"\"","2786":"e","2787":"r","2788":"r","2789":"o","2790":"r","2791":"\"","2792":"]","2793":",","2794":"\"","2795":"m","2796":"a","2797":"p","2798":"p","2799":"i","2800":"n","2801":"g","2802":"s","2803":"\"","2804":":","2805":"\"","2806":";","2807":";","2808":";","2809":";","2810":";","2811":";","2812":";","2813":";","2814":";","2815":";","2816":";","2817":"Q","2818":"A","2819":"W","2820":"a","2821":"A","2822":";","2823":"e","2824":"A","2825":"A","2826":"A","2827":"A","2828":";","2829":";","2830":"Q","2831":"A","2832":"y","2833":"C","2834":"G","2835":"C","2836":";","2837":"e","2838":"A","2839":"A","2840":"A","2841":"A","2842":";","2843":";","2844":"Q","2845":"A","2846":"p","2847":"D","2848":"A","2849":"C","2850":";","2851":"e","2852":"A","2853":"A","2854":"A","2855":"A","2856":";","2857":";","2858":";","2859":"A","2860":"A","2861":"A","2862":"T","2863":",","2864":"S","2865":"A","2866":"A","2867":"S","2868":"A","2869":",","2870":"I","2871":"A","2872":"A","2873":"I","2874":"C","2875":",","2876":"C","2877":"A","2878":"A","2879":"S","2880":",","2881":"E","2882":"A","2883":"A","2884":"E","2885":"C","2886":",","2887":"C","2888":"A","2889":"A","2890":"S","2891":";","2892":"I","2893":"A","2894":"C","2895":"t","2896":"C","2897":",","2898":"I","2899":"A","2900":"A","2901":"I","2902":"D","2903":",","2904":"K","2905":"A","2906":"A","2907":"K","2908":",","2909":"G","2910":"A","2911":"A","2912":"G","2913":";","2914":"Q","2915":"A","2916":"C","2917":"V","2918":",","2919":"O","2920":"A","2921":"A","2922":"O","2923":";","2924":"I","2925":"A","2926":"C","2927":"T","2928":",","2929":"O","2930":"A","2931":"A","2932":"O","2933":";","2934":"Q","2935":"A","2936":"C","2937":"L","2938":",","2939":"O","2940":"A","2941":"A","2942":"O","2943":"A","2944":",","2945":"I","2946":"A","2947":"A","2948":"I","2949":"C","2950":";","2951":"I","2952":"A","2953":"C","2954":"b","2955":";","2956":"A","2957":"A","2958":"C","2959":"F","2960":";","2961":"A","2962":"A","2963":"K","2964":"O","2965":",","2966":"M","2967":"A","2968":"A","2969":"M","2970":"J","2971":",","2972":"2","2973":"B","2974":"A","2975":"A","2976":"2","2977":"B","2978":"K","2979":";","2980":"I","2981":"A","2982":"C","2983":"t","2984":"C","2985":",","2986":"Y","2987":"A","2988":"A","2989":"Y","2990":"C","2991":",","2992":"O","2993":"A","2994":"A","2995":"e","2996":",","2997":"C","2998":"A","2999":"A","3000":"E","3001":";","3002":"Q","3003":"A","3004":"C","3005":"3","3006":"B","3007":",","3008":"K","3009":"A","3010":"A","3011":"K","3012":",","3013":"C","3014":"A","3015":"A","3016":"C","3017":"A","3018":";","3019":"Q","3020":"A","3021":"C","3022":"N","3023":",","3024":"I","3025":"A","3026":"A","3027":"I","3028":",","3029":"C","3030":"A","3031":"A","3032":"C","3033":"C","3034":",","3035":"I","3036":"A","3037":"A","3038":"I","3039":",","3040":"G","3041":"A","3042":"A","3043":"G","3044":";","3045":"I","3046":"A","3047":"C","3048":"d","3049":";","3050":"A","3051":"A","3052":"C","3053":"F","3054":";","3055":"A","3056":"A","3057":"E","3058":"A","3059":";","3060":";","3061":";","3062":";","3063":";","3064":"C","3065":"A","3066":"K","3067":"C","3068":",","3069":"G","3070":"A","3071":"C","3072":"D","3073":",","3074":"S","3075":"A","3076":"A","3077":"S","3078":"C","3079":",","3080":"g","3081":"B","3082":"A","3083":"A","3084":"g","3085":"B","3086":"C","3087":",","3088":"O","3089":"A","3090":"A","3091":"e","3092":";","3093":"I","3094":"A","3095":"C","3096":"t","3097":"C","3098":",","3099":"I","3100":"A","3101":"A","3102":"I","3103":",","3104":"O","3105":"A","3106":"A","3107":"O","3108":"A","3109":",","3110":"Y","3111":"A","3112":"A","3113":"Y","3114":",","3115":"U","3116":"A","3117":"A","3118":"U","3119":";","3120":"Q","3121":"A","3122":"C","3123":"/","3124":"B","3125":",","3126":"M","3127":"A","3128":"A","3129":"M","3130":",","3131":"I","3132":"A","3133":"A","3134":"I","3135":"T","3136":",","3137":"m","3138":"B","3139":"A","3140":"A","3141":"m","3142":"B","3143":";","3144":"I","3145":"A","3146":"C","3147":"/","3148":"B","3149":";","3150":"I","3151":"A","3152":"E","3153":"A","3154":",","3155":"I","3156":"A","3157":"A","3158":"I","3159":",","3160":"C","3161":"A","3162":"A","3163":"C","3164":"S","3165":",","3166":"Q","3167":"A","3168":"A","3169":"Q","3170":"C","3171":",","3172":"U","3173":"A","3174":"A","3175":"U","3176":",","3177":"C","3178":"A","3179":"A","3180":"C","3181":",","3182":"O","3183":"A","3184":"A","3185":"O","3186":";","3187":"Q","3188":"A","3189":"C","3190":"7","3191":"B","3192":",","3193":"M","3194":"A","3195":"A","3196":"M","3197":",","3198":"I","3199":"A","3200":"A","3201":"I","3202":"V","3203":",","3204":"m","3205":"B","3206":"A","3207":"A","3208":"m","3209":"B","3210":";","3211":"I","3212":"A","3213":"C","3214":"/","3215":"B","3216":";","3217":"I","3218":"A","3219":"E","3220":"A","3221":",","3222":"I","3223":"A","3224":"A","3225":"I","3226":"S","3227":",","3228":"Q","3229":"A","3230":"A","3231":"Q","3232":"E","3233":",","3234":"M","3235":"A","3236":"A","3237":"M","3238":",","3239":"K","3240":"A","3241":"A","3242":"K","3243":",","3244":"I","3245":"A","3246":"A","3247":"I","3248":";","3249":"Q","3250":"A","3251":"C","3252":"z","3253":"B","3254":",","3255":"M","3256":"A","3257":"A","3258":"M","3259":",","3260":"I","3261":"A","3262":"A","3263":"I","3264":"X","3265":",","3266":"m","3267":"B","3268":"A","3269":"A","3270":"m","3271":"B","3272":";","3273":"I","3274":"A","3275":"C","3276":"/","3277":"B","3278":";","3279":"I","3280":"A","3281":"E","3282":"A","3283":",","3284":"q","3285":"B","3286":"A","3287":"A","3288":"q","3289":"B","3290":";","3291":"I","3292":"A","3293":"C","3294":"r","3295":"B","3296":",","3297":"M","3298":"A","3299":"A","3300":"M","3301":"Y","3302":",","3303":"W","3304":"A","3305":"A","3306":"W","3307":";","3308":"I","3309":"A","3310":"C","3311":"j","3312":"B","3313":",","3314":"I","3315":"A","3316":"A","3317":"I","3318":",","3319":"C","3320":"A","3321":"A","3322":"C","3323":"A","3324":",","3325":"S","3326":"A","3327":"A","3328":"S","3329":"C","3330":",","3331":"I","3332":"A","3333":"A","3334":"I","3335":",","3336":"C","3337":"A","3338":"A","3339":"C","3340":"J","3341":",","3342":"U","3343":"A","3344":"A","3345":"U","3346":";","3347":"Q","3348":"A","3349":"C","3350":"3","3351":"B","3352":",","3353":"M","3354":"A","3355":"A","3356":"M","3357":",","3358":"I","3359":"A","3360":"A","3361":"I","3362":"T","3363":",","3364":"m","3365":"B","3366":"A","3367":"A","3368":"m","3369":"B","3370":";","3371":"I","3372":"A","3373":"C","3374":"/","3375":"B","3376":";","3377":"A","3378":"A","3379":"C","3380":"F","3381":";","3382":"A","3383":"A","3384":"U","3385":"O","3386":",","3387":"S","3388":"A","3389":"A","3390":"S","3391":"C","3392":",","3393":"c","3394":"A","3395":"A","3396":"c","3397":"Q","3398":",","3399":"O","3400":"A","3401":"A","3402":"e","3403":",","3404":"E","3405":"A","3406":"A","3407":"E","3408":"K","3409":",","3410":"Q","3411":"A","3412":"A","3413":"g","3414":"B","3415":",","3416":"C","3417":"A","3418":"A","3419":"C","3420":";","3421":"I","3422":"A","3423":"C","3424":"9","3425":"D","3426":",","3427":"I","3428":"A","3429":"A","3430":"I","3431":";","3432":"Q","3433":"A","3434":"C","3435":"F","3436":"N","3437":",","3438":"g","3439":"B","3440":"A","3441":"A","3442":"g","3443":"B","3444":"C","3445":";","3446":"Q","3447":"A","3448":"E","3449":"h","3450":"B","3451":",","3452":"c","3453":"A","3454":"A","3455":"c","3456":";","3457":"Q","3458":"A","3459":"C","3460":"d","3461":",","3462":"I","3463":"A","3464":"A","3465":"I","3466":",","3467":"O","3468":"A","3469":"A","3470":"O","3471":"K","3472":",","3473":"U","3474":"A","3475":"A","3476":"U","3477":",","3478":"U","3479":"A","3480":"A","3481":"U","3482":";","3483":"Y","3484":"A","3485":"C","3486":"7","3487":"B","3488":",","3489":"M","3490":"A","3491":"A","3492":"M","3493":",","3494":"I","3495":"A","3496":"A","3497":"I","3498":"d","3499":",","3500":"m","3501":"B","3502":"A","3503":"A","3504":"m","3505":"B","3506":";","3507":"Q","3508":"A","3509":"C","3510":"/","3511":"B","3512":";","3513":"Q","3514":"A","3515":"E","3516":"A","3517":",","3518":"I","3519":"A","3520":"A","3521":"I","3522":"c","3523":",","3524":"Q","3525":"A","3526":"A","3527":"Q","3528":",","3529":"G","3530":"A","3531":"A","3532":"G","3533":";","3534":"Y","3535":"A","3536":"C","3537":"b","3538":",","3539":"M","3540":"A","3541":"A","3542":"M","3543":",","3544":"I","3545":"A","3546":"A","3547":"I","3548":"d","3549":",","3550":"m","3551":"B","3552":"A","3553":"A","3554":"m","3555":"B","3556":";","3557":"Q","3558":"A","3559":"C","3560":"/","3561":"B","3562":";","3563":"Q","3564":"A","3565":"E","3566":"A","3567":",","3568":"I","3569":"A","3570":"A","3571":"I","3572":"c","3573":",","3574":"U","3575":"A","3576":"A","3577":"U","3578":",","3579":"G","3580":"A","3581":"A","3582":"G","3583":";","3584":"Y","3585":"A","3586":"C","3587":"f","3588":",","3589":"O","3590":"A","3591":"A","3592":"O","3593":";","3594":"Q","3595":"A","3596":"C","3597":"T","3598":";","3599":"Q","3600":"A","3601":"E","3602":"A","3603":",","3604":"g","3605":"B","3606":"A","3607":"A","3608":"g","3609":"B","3610":";","3611":"Q","3612":"A","3613":"C","3614":"h","3615":"B","3616":",","3617":"0","3618":"C","3619":"A","3620":"A","3621":"0","3622":"C","3623":";","3624":"Q","3625":"A","3626":"C","3627":"1","3628":"C","3629":",","3630":"6","3631":"B","3632":"A","3633":"A","3634":"6","3635":"B","3636":";","3637":"Q","3638":"A","3639":"C","3640":"7","3641":"B","3642":",","3643":"M","3644":"A","3645":"A","3646":"M","3647":"C","3648":",","3649":"W","3650":"A","3651":"A","3652":"W","3653":"C","3654":",","3655":"K","3656":"A","3657":"A","3658":"K","3659":"C","3660":",","3661":"K","3662":"A","3663":"A","3664":"K","3665":",","3666":"C","3667":"A","3668":"A","3669":"C","3670":",","3671":"A","3672":"A","3673":"A","3674":"C","3675":"R","3676":",","3677":"C","3678":"A","3679":"A","3680":"A","3681":"A","3682":",","3683":"Q","3684":"A","3685":"A","3686":"Q","3687":"E","3688":",","3689":"M","3690":"A","3691":"A","3692":"M","3693":",","3694":"G","3695":"A","3696":"A","3697":"G","3698":",","3699":"C","3700":"A","3701":"A","3702":"A","3703":",","3704":"I","3705":"A","3706":"A","3707":"K","3708":";","3709":"Q","3710":"A","3711":"E","3712":"n","3713":"D","3714":",","3715":"u","3716":"B","3717":"A","3718":"A","3719":"u","3720":"B","3721":";","3722":"Q","3723":"A","3724":"C","3725":"v","3726":"B","3727":",","3728":"I","3729":"A","3730":"A","3731":"I","3732":"G","3733":",","3734":"S","3735":"A","3736":"A","3737":"S","3738":"C","3739":",","3740":"U","3741":"A","3742":"A","3743":"U","3744":";","3745":"Y","3746":"A","3747":"C","3748":"r","3749":"B","3750":",","3751":"O","3752":"A","3753":"A","3754":"O","3755":"N","3756":";","3757":"Q","3758":"A","3759":"C","3760":"T","3761":";","3762":"Q","3763":"A","3764":"E","3765":"A","3766":",","3767":"M","3768":"A","3769":"A","3770":"M","3771":"S","3772":",","3773":"Q","3774":"A","3775":"A","3776":"Q","3777":"T","3778":",","3779":"Q","3780":"A","3781":"A","3782":"Q","3783":"U","3784":",","3785":"S","3786":"A","3787":"A","3788":"S","3789":",","3790":"C","3791":"A","3792":"A","3793":"C","3794":",","3795":"G","3796":"A","3797":"A","3798":"G","3799":"L","3800":",","3801":"Q","3802":"A","3803":"A","3804":"Q","3805":",","3806":"I","3807":"A","3808":"A","3809":"I","3810":",","3811":"c","3812":"A","3813":"A","3814":"c","3815":";","3816":"Q","3817":"A","3818":"C","3819":"7","3820":"D","3821":",","3822":"M","3823":"A","3824":"A","3825":"M","3826":"M","3827":",","3828":"M","3829":"A","3830":"A","3831":"M","3832":"X","3833":",","3834":"Q","3835":"A","3836":"A","3837":"Q","3838":"U","3839":",","3840":"S","3841":"A","3842":"A","3843":"S","3844":",","3845":"C","3846":"A","3847":"A","3848":"C","3849":"V","3850":",","3851":"Q","3852":"A","3853":"A","3854":"Q","3855":"E","3856":",","3857":"M","3858":"A","3859":"A","3860":"M","3861":",","3862":"G","3863":"A","3864":"A","3865":"G","3866":"G","3867":";","3868":"Q","3869":"A","3870":"C","3871":"/","3872":"C","3873":",","3874":"O","3875":"A","3876":"A","3877":"O","3878":",","3879":"G","3880":"A","3881":"A","3882":"G","3883":"I","3884":",","3885":"M","3886":"A","3887":"A","3888":"M","3889":",","3890":"G","3891":"A","3892":"A","3893":"G","3894":",","3895":"E","3896":"A","3897":"A","3898":"E","3899":"E","3900":",","3901":"K","3902":"A","3903":"A","3904":"K","3905":";","3906":"I","3907":"A","3908":"C","3909":"5","3910":"B","3911":",","3912":"E","3913":"A","3914":"A","3915":"E","3916":",","3917":"O","3918":"A","3919":"A","3920":"O","3921":"C","3922":",","3923":"O","3924":"A","3925":"A","3926":"O","3927":";","3928":"Q","3929":"A","3930":"C","3931":"d","3932":",","3933":"Y","3934":"A","3935":"A","3936":"Y","3937":";","3938":"Q","3939":"A","3940":"C","3941":"Z","3942":",","3943":"I","3944":"A","3945":"A","3946":"I","3947":"A","3948":",","3949":"i","3950":"B","3951":"A","3952":"A","3953":"i","3954":"B","3955":"r","3956":"B","3957":",","3958":"o","3959":"B","3960":"A","3961":"A","3962":"o","3963":"B","3964":";","3965":"Y","3966":"A","3967":"C","3968":"v","3969":"C","3970":",","3971":"M","3972":"A","3973":"A","3974":"M","3975":"q","3976":"B","3977":";","3978":"Q","3979":"A","3980":"C","3981":"R","3982":";","3983":"Q","3984":"A","3985":"C","3986":"A","3987":",","3988":"a","3989":"A","3990":"A","3991":"a","3992":";","3993":"Q","3994":"A","3995":"C","3996":"b","3997":",","3998":"M","3999":"A","4000":"A","4001":"M","4002":",","4003":"I","4004":"A","4005":"A","4006":"I","4007":"r","4008":"B","4009":",","4010":"m","4011":"B","4012":"A","4013":"A","4014":"m","4015":"B","4016":";","4017":"I","4018":"A","4019":"C","4020":"/","4021":"B","4022":";","4023":"A","4024":"A","4025":"C","4026":"F","4027":"\"","4028":"}"},"_coverageSchema":"1a1c01bbd47fc00a2c39e90264f33305004495a9","hash":"f58821487069af243feb32374842933e151e14cb"}
}
