TN:
SF:src/utils/index.ts
FN:5,_export
FN:12,(anonymous_1)
FN:15,(anonymous_2)
FN:18,(anonymous_3)
FN:22,sum
FN:30,(anonymous_5)
FN:40,validateAddress
FN:56,formatAddress
FNF:8
FNH:8
FNDA:2,_export
FNDA:7,(anonymous_1)
FNDA:11,(anonymous_2)
FNDA:2,(anonymous_3)
FNDA:2,sum
FNDA:14,(anonymous_5)
FNDA:11,validateAddress
FNDA:11,formatAddress
DA:2,2
DA:6,6
DA:11,2
DA:13,7
DA:16,11
DA:19,2
DA:23,2
DA:24,1
DA:26,1
DA:31,14
DA:32,14
DA:41,11
DA:42,3
DA:44,8
DA:45,1
DA:47,7
DA:48,2
DA:51,5
DA:52,5
DA:53,1
DA:57,11
DA:58,11
DA:60,4
DA:61,0
DA:63,4
DA:64,0
DA:66,4
DA:67,0
DA:72,4
DA:74,4
DA:75,0
DA:77,4
DA:78,4
DA:79,4
DA:82,7
DA:83,7
DA:86,0
LF:37
LH:32
BRDA:23,0,0,1
BRDA:23,0,1,1
BRDA:41,1,0,3
BRDA:41,1,1,8
BRDA:44,2,0,1
BRDA:44,2,1,7
BRDA:47,3,0,2
BRDA:47,3,1,5
BRDA:52,4,0,1
BRDA:52,4,1,4
BRDA:56,5,0,8
BRDA:60,6,0,0
BRDA:60,6,1,4
BRDA:63,7,0,0
BRDA:63,7,1,4
BRDA:66,8,0,0
BRDA:66,8,1,4
BRDA:74,9,0,0
BRDA:74,9,1,4
BRDA:82,10,0,7
BRDA:82,10,1,0
BRF:21
BRH:16
end_of_record
