{
  "numFailedTestSuites": 0,
  "numFailedTests": 0,
  "numPassedTestSuites": 3,
  "numPassedTests": 9,
  "numPendingTestSuites": 0,
  "numPendingTests": 0,
  "numRuntimeErrorTestSuites": 0,
  "numTodoTests": 0,
  "numTotalTestSuites": 3,
  "numTotalTests": 9,
  "openHandles": [],
  "snapshot": {
    "added": 0,
    "didUpdate": false,
    "failure": false,
    "filesAdded": 0,
    "filesRemoved": 0,
    "filesRemovedList": [],
    "filesUnmatched": 0,
    "filesUpdated": 0,
    "matched": 0,
    "total": 0,
    "unchecked": 0,
    "uncheckedKeysByFile": [],
    "unmatched": 0,
    "updated": 0
  },
  "startTime": 1756299132420,
  "success": false,
  "testResults": [
    {
      "leaks": false,
      "numFailingTests": 0,
      "numPassingTests": 7,
      "numPendingTests": 0,
      "numTodoTests": 0,
      "openHandles": [],
      "perfStats": {
        "end": 1756299132840,
        "loadTestEnvironmentEnd": 1756299132582,
        "loadTestEnvironmentStart": 1756299132505,
        "runtime": 257,
        "setupAfterEnvEnd": 1756299132762,
        "setupAfterEnvStart": 1756299132762,
        "setupFilesEnd": 1756299132583,
        "setupFilesStart": 1756299132583,
        "slow": false,
        "start": 1756299132583
      },
      "skipped": false,
      "snapshot": {
        "added": 0,
        "fileDeleted": false,
        "matched": 0,
        "unchecked": 0,
        "uncheckedKeys": [],
        "unmatched": 0,
        "updated": 0
      },
      "testFilePath": "/Users/xiehaitao/Desktop/web3-33期学习资料/web3-architecture/tests/unit/address.spec.ts",
      "testResults": [
        {
          "ancestorTitles": [
            "formatAddress",
            "valid addresses"
          ],
          "duration": 3,
          "failing": false,
          "failureDetails": [],
          "failureMessages": [],
          "fullName": "formatAddress valid addresses should format address with default chars (3)",
          "invocations": 1,
          "location": null,
          "numPassingAsserts": 1,
          "retryReasons": [],
          "startAt": 1756299132776,
          "status": "passed",
          "title": "should format address with default chars (3)"
        },
        {
          "ancestorTitles": [
            "formatAddress",
            "valid addresses"
          ],
          "duration": 1,
          "failing": false,
          "failureDetails": [],
          "failureMessages": [],
          "fullName": "formatAddress valid addresses should format address with custom chars length",
          "invocations": 1,
          "location": null,
          "numPassingAsserts": 2,
          "retryReasons": [],
          "startAt": 1756299132780,
          "status": "passed",
          "title": "should format address with custom chars length"
        },
        {
          "ancestorTitles": [
            "formatAddress",
            "valid addresses"
          ],
          "duration": 0,
          "failing": false,
          "failureDetails": [],
          "failureMessages": [],
          "fullName": "formatAddress valid addresses should handle minimum chars value of 1",
          "invocations": 1,
          "location": null,
          "numPassingAsserts": 1,
          "retryReasons": [],
          "startAt": 1756299132782,
          "status": "passed",
          "title": "should handle minimum chars value of 1"
        },
        {
          "ancestorTitles": [
            "formatAddress",
            "error handling"
          ],
          "duration": 48,
          "failing": false,
          "failureDetails": [],
          "failureMessages": [],
          "fullName": "formatAddress error handling should throw AddressFormatError for non-string input",
          "invocations": 1,
          "location": null,
          "numPassingAsserts": 3,
          "retryReasons": [],
          "startAt": 1756299132783,
          "status": "passed",
          "title": "should throw AddressFormatError for non-string input"
        },
        {
          "ancestorTitles": [
            "formatAddress",
            "error handling"
          ],
          "duration": 1,
          "failing": false,
          "failureDetails": [],
          "failureMessages": [],
          "fullName": "formatAddress error handling should throw AddressFormatError for address not starting with 0x",
          "invocations": 1,
          "location": null,
          "numPassingAsserts": 1,
          "retryReasons": [],
          "startAt": 1756299132831,
          "status": "passed",
          "title": "should throw AddressFormatError for address not starting with 0x"
        },
        {
          "ancestorTitles": [
            "formatAddress",
            "error handling"
          ],
          "duration": 3,
          "failing": false,
          "failureDetails": [],
          "failureMessages": [],
          "fullName": "formatAddress error handling should throw AddressFormatError for invalid address length",
          "invocations": 1,
          "location": null,
          "numPassingAsserts": 2,
          "retryReasons": [],
          "startAt": 1756299132833,
          "status": "passed",
          "title": "should throw AddressFormatError for invalid address length"
        },
        {
          "ancestorTitles": [
            "formatAddress",
            "error handling"
          ],
          "duration": 1,
          "failing": false,
          "failureDetails": [],
          "failureMessages": [],
          "fullName": "formatAddress error handling should throw AddressFormatError for invalid hex characters",
          "invocations": 1,
          "location": null,
          "numPassingAsserts": 1,
          "retryReasons": [],
          "startAt": 1756299132838,
          "status": "passed",
          "title": "should throw AddressFormatError for invalid hex characters"
        }
      ],
      "failureMessage": null
    },
    {
      "leaks": false,
      "numFailingTests": 0,
      "numPassingTests": 1,
      "numPendingTests": 0,
      "numTodoTests": 0,
      "openHandles": [],
      "perfStats": {
        "end": 1756299133013,
        "loadTestEnvironmentEnd": 1756299132879,
        "loadTestEnvironmentStart": 1756299132874,
        "runtime": 134,
        "setupAfterEnvEnd": 1756299132998,
        "setupAfterEnvStart": 1756299132998,
        "setupFilesEnd": 1756299132879,
        "setupFilesStart": 1756299132879,
        "slow": false,
        "start": 1756299132879
      },
      "skipped": false,
      "snapshot": {
        "added": 0,
        "fileDeleted": false,
        "matched": 0,
        "unchecked": 0,
        "uncheckedKeys": [],
        "unmatched": 0,
        "updated": 0
      },
      "testFilePath": "/Users/xiehaitao/Desktop/web3-33期学习资料/web3-architecture/tests/unit/index.spec.ts",
      "testResults": [
        {
          "ancestorTitles": [
            "综合性的测试"
          ],
          "duration": 2,
          "failing": false,
          "failureDetails": [],
          "failureMessages": [],
          "fullName": "综合性的测试 简单的测试",
          "invocations": 1,
          "location": null,
          "numPassingAsserts": 1,
          "retryReasons": [],
          "startAt": 1756299133010,
          "status": "passed",
          "title": "简单的测试"
        }
      ],
      "failureMessage": null
    },
    {
      "leaks": false,
      "numFailingTests": 0,
      "numPassingTests": 1,
      "numPendingTests": 0,
      "numTodoTests": 0,
      "openHandles": [],
      "perfStats": {
        "end": 1756299133190,
        "loadTestEnvironmentEnd": 1756299133056,
        "loadTestEnvironmentStart": 1756299133040,
        "runtime": 133,
        "setupAfterEnvEnd": 1756299133179,
        "setupAfterEnvStart": 1756299133179,
        "setupFilesEnd": 1756299133057,
        "setupFilesStart": 1756299133057,
        "slow": false,
        "start": 1756299133057
      },
      "skipped": false,
      "snapshot": {
        "added": 0,
        "fileDeleted": false,
        "matched": 0,
        "unchecked": 0,
        "uncheckedKeys": [],
        "unmatched": 0,
        "updated": 0
      },
      "testFilePath": "/Users/xiehaitao/Desktop/web3-33期学习资料/web3-architecture/tests/unit/sum.spec.ts",
      "testResults": [
        {
          "ancestorTitles": [],
          "duration": 2,
          "failing": false,
          "failureDetails": [],
          "failureMessages": [],
          "fullName": "adds 1 + 2 to equal 3",
          "invocations": 1,
          "location": null,
          "numPassingAsserts": 2,
          "retryReasons": [],
          "startAt": 1756299133186,
          "status": "passed",
          "title": "adds 1 + 2 to equal 3"
        }
      ],
      "failureMessage": null
    }
  ],
  "wasInterrupted": false
}